<?xml version="1.0" encoding="utf-8"?><testsuites name="pytest tests"><testsuite name="pytest" errors="0" failures="0" skipped="0" tests="25" time="4.602" timestamp="2026-06-09T11:48:24.109287+00:00" hostname="agent-env-fc2faf5a-7844-4e0d-b2ca-ef272639fa05"><testcase classname="backend.tests.test_phase3_auth.TestAuthSession" name="test_invalid_session_id_returns_401" time="0.424" /><testcase classname="backend.tests.test_phase3_auth.TestAuthSession" name="test_missing_session_id_returns_422" time="0.115" /><testcase classname="backend.tests.test_phase3_auth.TestAuthMe" name="test_unauth_returns_401" time="0.101" /><testcase classname="backend.tests.test_phase3_auth.TestAuthMe" name="test_invalid_token_returns_401" time="0.127" /><testcase classname="backend.tests.test_phase3_auth.TestAuthMe" name="test_valid_token_returns_user" time="0.114" /><testcase classname="backend.tests.test_phase3_auth.TestAuthMe" name="test_expired_session_returns_401" time="0.148" /><testcase classname="backend.tests.test_phase3_auth.TestAuthLogout" name="test_logout_deletes_session" time="0.272" /><testcase classname="backend.tests.test_phase3_auth.TestMemberAuthGate" name="test_get_unauth_401[/me]" time="0.101" /><testcase classname="backend.tests.test_phase3_auth.TestMemberAuthGate" name="test_get_unauth_401[/bookings]" time="0.110" /><testcase classname="backend.tests.test_phase3_auth.TestMemberAuthGate" name="test_post_booking_unauth_401" time="0.100" /><testcase classname="backend.tests.test_phase3_auth.TestMemberAuthGate" name="test_cancel_unauth_401" time="0.149" /><testcase classname="backend.tests.test_phase3_auth.TestMemberAuthGate" name="test_me_uses_authed_user" time="0.135" /><testcase classname="backend.tests.test_phase3_auth.TestPartnerAuthGate" name="test_partner_get_unauth_401[/partner/overview]" time="0.102" /><testcase classname="backend.tests.test_phase3_auth.TestPartnerAuthGate" name="test_partner_get_unauth_401[/partner/studios]" time="0.098" /><testcase classname="backend.tests.test_phase3_auth.TestPartnerAuthGate" name="test_partner_get_unauth_401[/partner/classes]" time="0.109" /><testcase classname="backend.tests.test_phase3_auth.TestPartnerAuthGate" name="test_partner_post_unauth_401" time="0.114" /><testcase classname="backend.tests.test_phase3_auth.TestPartnerAuthGate" name="test_partner_patch_unauth_401" time="0.120" /><testcase classname="backend.tests.test_phase3_auth.TestPartnerAuthGate" name="test_partner_delete_unauth_401" time="0.170" /><testcase classname="backend.tests.test_phase3_auth.TestPartnerAuthGate" name="test_partner_overview_authed" time="0.129" /><testcase classname="backend.tests.test_phase3_auth.TestPublicEndpoints" name="test_studios_no_auth" time="0.105" /><testcase classname="backend.tests.test_phase3_auth.TestPublicEndpoints" name="test_classes_no_auth" time="0.112" /><testcase classname="backend.tests.test_phase3_auth.TestPublicEndpoints" name="test_studio_detail_no_auth" time="0.207" /><testcase classname="backend.tests.test_phase3_auth.TestBookingIsolation" name="test_users_dont_see_each_others_bookings" time="0.366" /><testcase classname="backend.tests.test_phase3_auth.TestAuthedBookingFlow" name="test_book_cancel_credit_lifecycle" time="0.468" /><testcase classname="backend.tests.test_phase3_auth.TestAuthedBookingFlow" name="test_cancel_promotes_other_user_waitlist" time="0.557" /></testsuite></testsuites>