<?xml version="1.0" encoding="utf-8"?><testsuites name="pytest tests"><testsuite name="pytest" errors="0" failures="0" skipped="0" tests="12" time="1.704" timestamp="2026-06-09T09:26:25.221720+00:00" hostname="agent-env-fc2faf5a-7844-4e0d-b2ca-ef272639fa05"><testcase classname="backend.tests.test_anyspot" name="test_list_studios_returns_4" time="0.263" /><testcase classname="backend.tests.test_anyspot" name="test_get_single_studio" time="0.099" /><testcase classname="backend.tests.test_anyspot" name="test_studio_classes" time="0.106" /><testcase classname="backend.tests.test_anyspot" name="test_get_studio_404" time="0.048" /><testcase classname="backend.tests.test_anyspot" name="test_list_classes_default" time="0.059" /><testcase classname="backend.tests.test_anyspot" name="test_classes_category_filter" time="0.055" /><testcase classname="backend.tests.test_anyspot" name="test_classes_max_credits" time="0.055" /><testcase classname="backend.tests.test_anyspot" name="test_classes_search" time="0.049" /><testcase classname="backend.tests.test_anyspot" name="test_classes_time_of_day" time="0.157" /><testcase classname="backend.tests.test_anyspot" name="test_me" time="0.051" /><testcase classname="backend.tests.test_anyspot" name="test_booking_flow" time="0.551" /><testcase classname="backend.tests.test_anyspot" name="test_booking_class_not_found" time="0.049" /></testsuite></testsuites>