<?xml version="1.0" encoding="utf-8"?><testsuites name="pytest tests"><testsuite name="pytest" errors="0" failures="0" skipped="0" tests="8" time="2.163" timestamp="2026-06-09T11:34:02.861953+00:00" hostname="agent-env-fc2faf5a-7844-4e0d-b2ca-ef272639fa05"><testcase classname="backend.tests.test_anyspot_partner" name="test_partner_studios_4" time="0.257" /><testcase classname="backend.tests.test_anyspot_partner" name="test_partner_overview_shape" time="0.074" /><testcase classname="backend.tests.test_anyspot_partner" name="test_partner_classes_upcoming" time="0.061" /><testcase classname="backend.tests.test_anyspot_partner" name="test_partner_create_class_appears_in_classes" time="0.213" /><testcase classname="backend.tests.test_anyspot_partner" name="test_partner_update_capacity_delta" time="0.217" /><testcase classname="backend.tests.test_anyspot_partner" name="test_partner_delete_refunds_confirmed" time="0.303" /><testcase classname="backend.tests.test_anyspot_partner" name="test_waitlist_create_no_deduct" time="0.511" /><testcase classname="backend.tests.test_anyspot_partner" name="test_waitlist_auto_promote_on_confirmed_cancel" time="0.352" /></testsuite></testsuites>